<?xml version="1.0" encoding="UTF-8"?>
<testsuite xmlns:xsi="http://www.w3.org/2001/XMLSchema-instance" xsi:noNamespaceSchemaLocation="https://maven.apache.org/surefire/maven-surefire-plugin/xsd/surefire-test-report.xsd" name="com.yago.consultas.AppConsultasBaseApplicationTests" time="2.955" tests="1" errors="0" skipped="0" failures="0">
  <properties>
    <property name="sun.desktop" value="windows"/>
    <property name="awt.toolkit" value="sun.awt.windows.WToolkit"/>
    <property name="java.specification.version" value="11"/>
    <property name="sun.cpu.isalist" value="amd64"/>
    <property name="sun.jnu.encoding" value="Cp1252"/>
    <property name="java.class.path" value="D:\tallerLocalize\ws\app-consultas-base\target\test-classes;D:\tallerLocalize\ws\app-consultas-base\target\classes;D:\respositorioPrueba\org\springframework\boot\spring-boot-starter-web\2.7.5\spring-boot-starter-web-2.7.5.jar;D:\respositorioPrueba\org\springframework\boot\spring-boot-starter\2.7.5\spring-boot-starter-2.7.5.jar;D:\respositorioPrueba\org\springframework\boot\spring-boot\2.7.5\spring-boot-2.7.5.jar;D:\respositorioPrueba\org\springframework\boot\spring-boot-autoconfigure\2.7.5\spring-boot-autoconfigure-2.7.5.jar;D:\respositorioPrueba\org\springframework\boot\spring-boot-starter-logging\2.7.5\spring-boot-starter-logging-2.7.5.jar;D:\respositorioPrueba\ch\qos\logback\logback-classic\1.2.11\logback-classic-1.2.11.jar;D:\respositorioPrueba\ch\qos\logback\logback-core\1.2.11\logback-core-1.2.11.jar;D:\respositorioPrueba\org\apache\logging\log4j\log4j-to-slf4j\2.17.2\log4j-to-slf4j-2.17.2.jar;D:\respositorioPrueba\org\apache\logging\log4j\log4j-api\2.17.2\log4j-api-2.17.2.jar;D:\respositorioPrueba\org\slf4j\jul-to-slf4j\1.7.36\jul-to-slf4j-1.7.36.jar;D:\respositorioPrueba\jakarta\annotation\jakarta.annotation-api\1.3.5\jakarta.annotation-api-1.3.5.jar;D:\respositorioPrueba\org\yaml\snakeyaml\1.30\snakeyaml-1.30.jar;D:\respositorioPrueba\org\springframework\boot\spring-boot-starter-json\2.7.5\spring-boot-starter-json-2.7.5.jar;D:\respositorioPrueba\com\fasterxml\jackson\core\jackson-databind\2.13.4.2\jackson-databind-2.13.4.2.jar;D:\respositorioPrueba\com\fasterxml\jackson\core\jackson-annotations\2.13.4\jackson-annotations-2.13.4.jar;D:\respositorioPrueba\com\fasterxml\jackson\core\jackson-core\2.13.4\jackson-core-2.13.4.jar;D:\respositorioPrueba\com\fasterxml\jackson\datatype\jackson-datatype-jdk8\2.13.4\jackson-datatype-jdk8-2.13.4.jar;D:\respositorioPrueba\com\fasterxml\jackson\datatype\jackson-datatype-jsr310\2.13.4\jackson-datatype-jsr310-2.13.4.jar;D:\respositorioPrueba\com\fasterxml\jackson\module\jackson-module-parameter-names\2.13.4\jackson-module-parameter-names-2.13.4.jar;D:\respositorioPrueba\org\springframework\boot\spring-boot-starter-tomcat\2.7.5\spring-boot-starter-tomcat-2.7.5.jar;D:\respositorioPrueba\org\apache\tomcat\embed\tomcat-embed-core\9.0.68\tomcat-embed-core-9.0.68.jar;D:\respositorioPrueba\org\apache\tomcat\embed\tomcat-embed-el\9.0.68\tomcat-embed-el-9.0.68.jar;D:\respositorioPrueba\org\apache\tomcat\embed\tomcat-embed-websocket\9.0.68\tomcat-embed-websocket-9.0.68.jar;D:\respositorioPrueba\org\springframework\spring-web\5.3.23\spring-web-5.3.23.jar;D:\respositorioPrueba\org\springframework\spring-beans\5.3.23\spring-beans-5.3.23.jar;D:\respositorioPrueba\org\springframework\spring-webmvc\5.3.23\spring-webmvc-5.3.23.jar;D:\respositorioPrueba\org\springframework\spring-aop\5.3.23\spring-aop-5.3.23.jar;D:\respositorioPrueba\org\springframework\spring-context\5.3.23\spring-context-5.3.23.jar;D:\respositorioPrueba\org\springframework\spring-expression\5.3.23\spring-expression-5.3.23.jar;D:\respositorioPrueba\org\springframework\boot\spring-boot-starter-test\2.7.5\spring-boot-starter-test-2.7.5.jar;D:\respositorioPrueba\org\springframework\boot\spring-boot-test\2.7.5\spring-boot-test-2.7.5.jar;D:\respositorioPrueba\org\springframework\boot\spring-boot-test-autoconfigure\2.7.5\spring-boot-test-autoconfigure-2.7.5.jar;D:\respositorioPrueba\com\jayway\jsonpath\json-path\2.7.0\json-path-2.7.0.jar;D:\respositorioPrueba\net\minidev\json-smart\2.4.8\json-smart-2.4.8.jar;D:\respositorioPrueba\net\minidev\accessors-smart\2.4.8\accessors-smart-2.4.8.jar;D:\respositorioPrueba\org\ow2\asm\asm\9.1\asm-9.1.jar;D:\respositorioPrueba\org\slf4j\slf4j-api\1.7.36\slf4j-api-1.7.36.jar;D:\respositorioPrueba\jakarta\xml\bind\jakarta.xml.bind-api\2.3.3\jakarta.xml.bind-api-2.3.3.jar;D:\respositorioPrueba\jakarta\activation\jakarta.activation-api\1.2.2\jakarta.activation-api-1.2.2.jar;D:\respositorioPrueba\org\assertj\assertj-core\3.22.0\assertj-core-3.22.0.jar;D:\respositorioPrueba\org\hamcrest\hamcrest\2.2\hamcrest-2.2.jar;D:\respositorioPrueba\org\junit\jupiter\junit-jupiter\5.8.2\junit-jupiter-5.8.2.jar;D:\respositorioPrueba\org\junit\jupiter\junit-jupiter-api\5.8.2\junit-jupiter-api-5.8.2.jar;D:\respositorioPrueba\org\opentest4j\opentest4j\1.2.0\opentest4j-1.2.0.jar;D:\respositorioPrueba\org\junit\platform\junit-platform-commons\1.8.2\junit-platform-commons-1.8.2.jar;D:\respositorioPrueba\org\apiguardian\apiguardian-api\1.1.2\apiguardian-api-1.1.2.jar;D:\respositorioPrueba\org\junit\jupiter\junit-jupiter-params\5.8.2\junit-jupiter-params-5.8.2.jar;D:\respositorioPrueba\org\junit\jupiter\junit-jupiter-engine\5.8.2\junit-jupiter-engine-5.8.2.jar;D:\respositorioPrueba\org\junit\platform\junit-platform-engine\1.8.2\junit-platform-engine-1.8.2.jar;D:\respositorioPrueba\org\mockito\mockito-core\4.5.1\mockito-core-4.5.1.jar;D:\respositorioPrueba\net\bytebuddy\byte-buddy\1.12.18\byte-buddy-1.12.18.jar;D:\respositorioPrueba\net\bytebuddy\byte-buddy-agent\1.12.18\byte-buddy-agent-1.12.18.jar;D:\respositorioPrueba\org\objenesis\objenesis\3.2\objenesis-3.2.jar;D:\respositorioPrueba\org\mockito\mockito-junit-jupiter\4.5.1\mockito-junit-jupiter-4.5.1.jar;D:\respositorioPrueba\org\skyscreamer\jsonassert\1.5.1\jsonassert-1.5.1.jar;D:\respositorioPrueba\com\vaadin\external\google\android-json\0.0.20131108.vaadin1\android-json-0.0.20131108.vaadin1.jar;D:\respositorioPrueba\org\springframework\spring-core\5.3.23\spring-core-5.3.23.jar;D:\respositorioPrueba\org\springframework\spring-jcl\5.3.23\spring-jcl-5.3.23.jar;D:\respositorioPrueba\org\springframework\spring-test\5.3.23\spring-test-5.3.23.jar;D:\respositorioPrueba\org\xmlunit\xmlunit-core\2.9.0\xmlunit-core-2.9.0.jar;"/>
    <property name="java.vm.vendor" value="Oracle Corporation"/>
    <property name="sun.arch.data.model" value="64"/>
    <property name="user.variant" value=""/>
    <property name="java.vendor.url" value="https://openjdk.java.net/"/>
    <property name="user.timezone" value="America/Bogota"/>
    <property name="user.country.format" value="US"/>
    <property name="java.vm.specification.version" value="11"/>
    <property name="os.name" value="Windows 10"/>
    <property name="sun.java.launcher" value="SUN_STANDARD"/>
    <property name="user.country" value="MX"/>
    <property name="sun.boot.library.path" value="C:\Program Files\Java\jdk-11.0.11\bin"/>
    <property name="sun.java.command" value="C:\Users\BYRON\AppData\Local\Temp\surefire16260835121361434967\surefirebooter3377664667901425838.jar C:\Users\BYRON\AppData\Local\Temp\surefire16260835121361434967 2022-12-03T00-33-03_167-jvmRun1 surefire2375484165233733187tmp surefire_017828038597957886729tmp"/>
    <property name="jdk.debug" value="release"/>
    <property name="surefire.test.class.path" value="D:\tallerLocalize\ws\app-consultas-base\target\test-classes;D:\tallerLocalize\ws\app-consultas-base\target\classes;D:\respositorioPrueba\org\springframework\boot\spring-boot-starter-web\2.7.5\spring-boot-starter-web-2.7.5.jar;D:\respositorioPrueba\org\springframework\boot\spring-boot-starter\2.7.5\spring-boot-starter-2.7.5.jar;D:\respositorioPrueba\org\springframework\boot\spring-boot\2.7.5\spring-boot-2.7.5.jar;D:\respositorioPrueba\org\springframework\boot\spring-boot-autoconfigure\2.7.5\spring-boot-autoconfigure-2.7.5.jar;D:\respositorioPrueba\org\springframework\boot\spring-boot-starter-logging\2.7.5\spring-boot-starter-logging-2.7.5.jar;D:\respositorioPrueba\ch\qos\logback\logback-classic\1.2.11\logback-classic-1.2.11.jar;D:\respositorioPrueba\ch\qos\logback\logback-core\1.2.11\logback-core-1.2.11.jar;D:\respositorioPrueba\org\apache\logging\log4j\log4j-to-slf4j\2.17.2\log4j-to-slf4j-2.17.2.jar;D:\respositorioPrueba\org\apache\logging\log4j\log4j-api\2.17.2\log4j-api-2.17.2.jar;D:\respositorioPrueba\org\slf4j\jul-to-slf4j\1.7.36\jul-to-slf4j-1.7.36.jar;D:\respositorioPrueba\jakarta\annotation\jakarta.annotation-api\1.3.5\jakarta.annotation-api-1.3.5.jar;D:\respositorioPrueba\org\yaml\snakeyaml\1.30\snakeyaml-1.30.jar;D:\respositorioPrueba\org\springframework\boot\spring-boot-starter-json\2.7.5\spring-boot-starter-json-2.7.5.jar;D:\respositorioPrueba\com\fasterxml\jackson\core\jackson-databind\2.13.4.2\jackson-databind-2.13.4.2.jar;D:\respositorioPrueba\com\fasterxml\jackson\core\jackson-annotations\2.13.4\jackson-annotations-2.13.4.jar;D:\respositorioPrueba\com\fasterxml\jackson\core\jackson-core\2.13.4\jackson-core-2.13.4.jar;D:\respositorioPrueba\com\fasterxml\jackson\datatype\jackson-datatype-jdk8\2.13.4\jackson-datatype-jdk8-2.13.4.jar;D:\respositorioPrueba\com\fasterxml\jackson\datatype\jackson-datatype-jsr310\2.13.4\jackson-datatype-jsr310-2.13.4.jar;D:\respositorioPrueba\com\fasterxml\jackson\module\jackson-module-parameter-names\2.13.4\jackson-module-parameter-names-2.13.4.jar;D:\respositorioPrueba\org\springframework\boot\spring-boot-starter-tomcat\2.7.5\spring-boot-starter-tomcat-2.7.5.jar;D:\respositorioPrueba\org\apache\tomcat\embed\tomcat-embed-core\9.0.68\tomcat-embed-core-9.0.68.jar;D:\respositorioPrueba\org\apache\tomcat\embed\tomcat-embed-el\9.0.68\tomcat-embed-el-9.0.68.jar;D:\respositorioPrueba\org\apache\tomcat\embed\tomcat-embed-websocket\9.0.68\tomcat-embed-websocket-9.0.68.jar;D:\respositorioPrueba\org\springframework\spring-web\5.3.23\spring-web-5.3.23.jar;D:\respositorioPrueba\org\springframework\spring-beans\5.3.23\spring-beans-5.3.23.jar;D:\respositorioPrueba\org\springframework\spring-webmvc\5.3.23\spring-webmvc-5.3.23.jar;D:\respositorioPrueba\org\springframework\spring-aop\5.3.23\spring-aop-5.3.23.jar;D:\respositorioPrueba\org\springframework\spring-context\5.3.23\spring-context-5.3.23.jar;D:\respositorioPrueba\org\springframework\spring-expression\5.3.23\spring-expression-5.3.23.jar;D:\respositorioPrueba\org\springframework\boot\spring-boot-starter-test\2.7.5\spring-boot-starter-test-2.7.5.jar;D:\respositorioPrueba\org\springframework\boot\spring-boot-test\2.7.5\spring-boot-test-2.7.5.jar;D:\respositorioPrueba\org\springframework\boot\spring-boot-test-autoconfigure\2.7.5\spring-boot-test-autoconfigure-2.7.5.jar;D:\respositorioPrueba\com\jayway\jsonpath\json-path\2.7.0\json-path-2.7.0.jar;D:\respositorioPrueba\net\minidev\json-smart\2.4.8\json-smart-2.4.8.jar;D:\respositorioPrueba\net\minidev\accessors-smart\2.4.8\accessors-smart-2.4.8.jar;D:\respositorioPrueba\org\ow2\asm\asm\9.1\asm-9.1.jar;D:\respositorioPrueba\org\slf4j\slf4j-api\1.7.36\slf4j-api-1.7.36.jar;D:\respositorioPrueba\jakarta\xml\bind\jakarta.xml.bind-api\2.3.3\jakarta.xml.bind-api-2.3.3.jar;D:\respositorioPrueba\jakarta\activation\jakarta.activation-api\1.2.2\jakarta.activation-api-1.2.2.jar;D:\respositorioPrueba\org\assertj\assertj-core\3.22.0\assertj-core-3.22.0.jar;D:\respositorioPrueba\org\hamcrest\hamcrest\2.2\hamcrest-2.2.jar;D:\respositorioPrueba\org\junit\jupiter\junit-jupiter\5.8.2\junit-jupiter-5.8.2.jar;D:\respositorioPrueba\org\junit\jupiter\junit-jupiter-api\5.8.2\junit-jupiter-api-5.8.2.jar;D:\respositorioPrueba\org\opentest4j\opentest4j\1.2.0\opentest4j-1.2.0.jar;D:\respositorioPrueba\org\junit\platform\junit-platform-commons\1.8.2\junit-platform-commons-1.8.2.jar;D:\respositorioPrueba\org\apiguardian\apiguardian-api\1.1.2\apiguardian-api-1.1.2.jar;D:\respositorioPrueba\org\junit\jupiter\junit-jupiter-params\5.8.2\junit-jupiter-params-5.8.2.jar;D:\respositorioPrueba\org\junit\jupiter\junit-jupiter-engine\5.8.2\junit-jupiter-engine-5.8.2.jar;D:\respositorioPrueba\org\junit\platform\junit-platform-engine\1.8.2\junit-platform-engine-1.8.2.jar;D:\respositorioPrueba\org\mockito\mockito-core\4.5.1\mockito-core-4.5.1.jar;D:\respositorioPrueba\net\bytebuddy\byte-buddy\1.12.18\byte-buddy-1.12.18.jar;D:\respositorioPrueba\net\bytebuddy\byte-buddy-agent\1.12.18\byte-buddy-agent-1.12.18.jar;D:\respositorioPrueba\org\objenesis\objenesis\3.2\objenesis-3.2.jar;D:\respositorioPrueba\org\mockito\mockito-junit-jupiter\4.5.1\mockito-junit-jupiter-4.5.1.jar;D:\respositorioPrueba\org\skyscreamer\jsonassert\1.5.1\jsonassert-1.5.1.jar;D:\respositorioPrueba\com\vaadin\external\google\android-json\0.0.20131108.vaadin1\android-json-0.0.20131108.vaadin1.jar;D:\respositorioPrueba\org\springframework\spring-core\5.3.23\spring-core-5.3.23.jar;D:\respositorioPrueba\org\springframework\spring-jcl\5.3.23\spring-jcl-5.3.23.jar;D:\respositorioPrueba\org\springframework\spring-test\5.3.23\spring-test-5.3.23.jar;D:\respositorioPrueba\org\xmlunit\xmlunit-core\2.9.0\xmlunit-core-2.9.0.jar;"/>
    <property name="sun.cpu.endian" value="little"/>
    <property name="user.home" value="C:\Users\BYRON"/>
    <property name="user.language" value="es"/>
    <property name="java.specification.vendor" value="Oracle Corporation"/>
    <property name="java.version.date" value="2021-04-20"/>
    <property name="java.home" value="C:\Program Files\Java\jdk-11.0.11"/>
    <property name="file.separator" value="\"/>
    <property name="basedir" value="D:\tallerLocalize\ws\app-consultas-base"/>
    <property name="java.vm.compressedOopsMode" value="Zero based"/>
    <property name="line.separator" value="&#10;"/>
    <property name="java.specification.name" value="Java Platform API Specification"/>
    <property name="java.vm.specification.vendor" value="Oracle Corporation"/>
    <property name="java.awt.graphicsenv" value="sun.awt.Win32GraphicsEnvironment"/>
    <property name="surefire.real.class.path" value="C:\Users\BYRON\AppData\Local\Temp\surefire16260835121361434967\surefirebooter3377664667901425838.jar"/>
    <property name="user.script" value=""/>
    <property name="sun.management.compiler" value="HotSpot 64-Bit Tiered Compilers"/>
    <property name="java.runtime.version" value="11.0.11+9-LTS-194"/>
    <property name="user.name" value="BYRON"/>
    <property name="path.separator" value=";"/>
    <property name="os.version" value="10.0"/>
    <property name="java.runtime.name" value="Java(TM) SE Runtime Environment"/>
    <property name="file.encoding" value="Cp1252"/>
    <property name="java.vm.name" value="Java HotSpot(TM) 64-Bit Server VM"/>
    <property name="java.vendor.version" value="18.9"/>
    <property name="localRepository" value="D:\respositorioPrueba"/>
    <property name="java.vendor.url.bug" value="https://bugreport.java.com/bugreport/"/>
    <property name="java.io.tmpdir" value="C:\Users\BYRON\AppData\Local\Temp\"/>
    <property name="java.version" value="11.0.11"/>
    <property name="user.dir" value="D:\tallerLocalize\ws\app-consultas-base"/>
    <property name="os.arch" value="amd64"/>
    <property name="java.vm.specification.name" value="Java Virtual Machine Specification"/>
    <property name="java.awt.printerjob" value="sun.awt.windows.WPrinterJob"/>
    <property name="user.language.format" value="en"/>
    <property name="sun.os.patch.level" value=""/>
    <property name="java.library.path" value="C:\Program Files\Java\jdk-11.0.11\bin;C:\Windows\Sun\Java\bin;C:\Windows\system32;C:\Windows;C:\Program Files\Java\jdk1.8.0_291\bin;C:\Program Files\Common Files\Oracle\Java\javapath;C:\Program Files (x86)\Common Files\Oracle\Java\javapath;C:\Windows\system32;C:\Windows;C:\Windows\System32\Wbem;C:\Windows\System32\WindowsPowerShell\v1.0\;C:\Windows\System32\OpenSSH\;C:\Program Files\Azure Data Studio\bin;C:\Program Files\Microsoft VS Code\bin;C:\Program Files\Git\cmd;C:\Gradle\gradle-7.1.1\bin;C:\apache-maven-3.8.2\bin;C:\ProgramData\chocolatey\bin;C:\Program Files\nodejs\;C:\Program Files\PuTTY\;C:\Program Files\MySQL\MySQL Shell 8.0\bin\;C:\Users\BYRON\AppData\Local\Microsoft\WindowsApps;;C:\Program Files\Azure Data Studio\bin;C:\Users\BYRON\AppData\Local\Programs\Microsoft VS Code\bin;C:\Users\BYRON\AppData\Roaming\npm;."/>
    <property name="java.vendor" value="Oracle Corporation"/>
    <property name="java.vm.info" value="mixed mode"/>
    <property name="java.vm.version" value="11.0.11+9-LTS-194"/>
    <property name="sun.io.unicode.encoding" value="UnicodeLittle"/>
    <property name="java.class.version" value="55.0"/>
  </properties>
  <testcase name="contextLoads" classname="com.yago.consultas.AppConsultasBaseApplicationTests" time="0.4"/>
</testsuite>